<?xml version="1.0" encoding="UTF-8"?>
<!-- Generated by org.testng.reporters.JUnitXMLReporter -->
<testsuite ignored="0" hostname="DALML6116" failures="0" tests="9" name="Command line test" time="0.026" errors="0" timestamp="2023-06-12T15:04:31 CDT">
  <testcase classname="BaseTest" name="@BeforeMethod SetUp" time="-1.686600271079E9">
    <failure type="org.testng.TestNGException" message="
Parameter &amp;apos;browser&amp;apos; is required by BeforeMethod on method SetUp but has not been marked @Optional or defined
">
      <![CDATA[org.testng.TestNGException: 
Parameter 'browser' is required by BeforeMethod on method SetUp but has not been marked @Optional or defined

at java.base/java.util.ArrayList.forEach(ArrayList.java:1511)
... Removed 37 stack frames]]>
    </failure>
  </testcase> <!-- @BeforeMethod SetUp -->
  <testcase classname="BaseTest" name="@AfterMethod TearDown" time="-1.686600271085E9">
    <skipped/>
  </testcase> <!-- @AfterMethod TearDown -->
  <testcase classname="BaseTest" name="@BeforeMethod SetUp" time="-1.686600271085E9">
    <skipped/>
  </testcase> <!-- @BeforeMethod SetUp -->
  <testcase classname="BaseTest" name="@AfterMethod TearDown" time="-1.686600271086E9">
    <skipped/>
  </testcase> <!-- @AfterMethod TearDown -->
  <testcase classname="BaseTest" name="@BeforeMethod SetUp" time="-1.686600271086E9">
    <skipped/>
  </testcase> <!-- @BeforeMethod SetUp -->
  <testcase classname="BaseTest" name="@AfterMethod TearDown" time="-1.686600271086E9">
    <skipped/>
  </testcase> <!-- @AfterMethod TearDown -->
  <testcase classname="BaseTest" name="@BeforeMethod SetUp" time="-1.686600271086E9">
    <skipped/>
  </testcase> <!-- @BeforeMethod SetUp -->
  <testcase classname="BaseTest" name="@AfterMethod TearDown" time="-1.686600271087E9">
    <skipped/>
  </testcase> <!-- @AfterMethod TearDown -->
  <testcase classname="BaseTest" name="@BeforeMethod SetUp" time="-1.686600271087E9">
    <skipped/>
  </testcase> <!-- @BeforeMethod SetUp -->
  <testcase classname="BaseTest" name="@AfterMethod TearDown" time="-1.686600271087E9">
    <skipped/>
  </testcase> <!-- @AfterMethod TearDown -->
  <testcase classname="BaseTest" name="@BeforeMethod SetUp" time="-1.686600271087E9">
    <skipped/>
  </testcase> <!-- @BeforeMethod SetUp -->
  <testcase classname="BaseTest" name="@AfterMethod TearDown" time="-1.686600271088E9">
    <skipped/>
  </testcase> <!-- @AfterMethod TearDown -->
  <testcase classname="BaseTest" name="@BeforeMethod SetUp" time="-1.686600271088E9">
    <skipped/>
  </testcase> <!-- @BeforeMethod SetUp -->
  <testcase classname="BaseTest" name="@AfterMethod TearDown" time="-1.686600271088E9">
    <skipped/>
  </testcase> <!-- @AfterMethod TearDown -->
  <testcase classname="BaseTest" name="@BeforeMethod SetUp" time="-1.686600271088E9">
    <skipped/>
  </testcase> <!-- @BeforeMethod SetUp -->
  <testcase classname="BaseTest" name="@AfterMethod TearDown" time="-1.686600271089E9">
    <skipped/>
  </testcase> <!-- @AfterMethod TearDown -->
  <testcase classname="BaseTest" name="@BeforeMethod SetUp" time="-1.686600271089E9">
    <skipped/>
  </testcase> <!-- @BeforeMethod SetUp -->
  <testcase classname="BaseTest" name="@AfterMethod TearDown" time="-1.686600271089E9">
    <skipped/>
  </testcase> <!-- @AfterMethod TearDown -->
  <testcase classname="BaseTest" name="@AfterClass Terminate" time="-1.686600271089E9">
    <skipped/>
  </testcase> <!-- @AfterClass Terminate -->
  <testcase classname="TestsCICD" name="RandomTest" time="0.0">
    <skipped/>
  </testcase> <!-- RandomTest -->
  <testcase classname="TestsCICD" name="RandomTest2" time="0.0">
    <skipped/>
  </testcase> <!-- RandomTest2 -->
  <testcase classname="TestsCICD" name="RandomTest3" time="0.0">
    <skipped/>
  </testcase> <!-- RandomTest3 -->
  <testcase classname="TestsCICD" name="RandomTest4" time="0.0">
    <skipped/>
  </testcase> <!-- RandomTest4 -->
  <testcase classname="TestsCICD" name="RandomTest5" time="0.0">
    <skipped/>
  </testcase> <!-- RandomTest5 -->
  <testcase classname="TestsCICD" name="RandomTest6" time="0.0">
    <skipped/>
  </testcase> <!-- RandomTest6 -->
  <testcase classname="TestsCICD" name="RandomTest7" time="0.0">
    <skipped/>
  </testcase> <!-- RandomTest7 -->
  <testcase classname="TestsCICD" name="RandomTest8" time="0.0">
    <skipped/>
  </testcase> <!-- RandomTest8 -->
  <testcase classname="TestsCICD" name="RandomTest9" time="0.0">
    <skipped/>
  </testcase> <!-- RandomTest9 -->
</testsuite> <!-- Command line test -->
